<?xml version="1.0" encoding="UTF-8"?>
<!-- Generated by org.testng.reporters.JUnitReportReporter -->
<testsuite hostname="LAPTOP-72CDTN28" failures="0" tests="6" name="org.testng.Testngtest" time="0.025" errors="0" timestamp="2021-04-22T23:22:17 IST" skipped="1">
  <testcase classname="org.testng.Testngtest" name="tc13" time="0.008"/>
  <system-out/>
  <testcase classname="org.testng.Testngtest" name="tc1" time="0.005"/>
  <system-out/>
  <testcase classname="org.testng.Testngtest" name="tc2" time="0.006"/>
  <system-out/>
  <testcase classname="org.testng.Testngtest" name="tc14" time="0.003"/>
  <system-out/>
  <testcase classname="org.testng.Testngtest" name="tc7" time="0.003"/>
  <system-out/>
  <testcase classname="org.testng.Testngtest" name="tc0">
    <skipped/>
  </testcase> <!-- tc0 -->
  <system-out/>
</testsuite> <!-- org.testng.Testngtest -->
