<?xml version="1.0" encoding="UTF-8"?>
<!-- Generated by org.testng.reporters.JUnitReportReporter -->
<testsuite hostname="LAPTOP-72CDTN28" failures="0" tests="4" name="org.testng.BeforeAfter" time="5.164" errors="0" timestamp="2021-04-23T09:29:21 IST" skipped="1">
  <testcase classname="org.testng.BeforeAfter" name="google" time="1.649"/>
  <system-out/>
  <testcase classname="org.testng.BeforeAfter" name="facebook" time="2.012"/>
  <system-out/>
  <testcase classname="org.testng.BeforeAfter" name="twitter" time="1.503"/>
  <system-out/>
  <testcase classname="org.testng.BeforeAfter" name="Adactinhotel">
    <skipped/>
  </testcase> <!-- Adactinhotel -->
  <system-out/>
</testsuite> <!-- org.testng.BeforeAfter -->
